=== mail-classifier ===
Дата запуска: Mon Jun  1 15:46:11 MSK 2026
Писем в inbox: 109

Читаем письма из: /Users/timdovganuk/mail-classifier/inbox

=== Результаты классификации ===
  access: 27 писем
  critical: 23 писем
  documents: 16 писем
  hardware: 8 писем
  info: 12 писем
  software: 9 писем
  spam: 4 писем
  tasks: 1 писем
  unknown: 6 писем

=== Пропущено файлов: 3 ===
  mail_0103.txt: пустой файл
  mail_0104.bin: бинарный формат файла
  mail_0109.jpeg: бинарный формат файла

Всего обработано: 106 писем

Статус: успешно завершено
